Using pre-set license
Built from '2020.3/staging' branch; Version is '2020.3.14f1 (d0d1bb862f9d) revision 13685179'; Using compiler version '192528614'; Build Type 'Release'
OS: 'Windows 10 Pro; OS build 19043.1766; Version 2009; 64bit' Language: 'en' Physical Memory: 8085 MB
BatchMode: 1, IsHumanControllingUs: 0, StartBugReporterOnCrash: 0, Is64bit: 1, IsPro: 0

 COMMAND LINE ARGUMENTS:
H:\Unity\Editor\Unity.exe
-adb2
-batchMode
-noUpm
-name
AssetImportWorker0
-projectPath
H:/MappleStory/New MiniGame/Mini-Game-Project-MidTerm
-logFile
Logs/AssetImportWorker0.log
-srvPort
57810
Successfully changed project path to: H:/MappleStory/New MiniGame/Mini-Game-Project-MidTerm
H:/MappleStory/New MiniGame/Mini-Game-Project-MidTerm
Using Asset Import Pipeline V2.
Refreshing native plugins compatible for Editor in 73.05 ms, found 3 plugins.
Preloading 0 native plugins for Editor in 0.00 ms.
Initialize engine version: 2020.3.14f1 (d0d1bb862f9d)
[Subsystems] Discovering subsystems at path H:/Unity/Editor/Data/Resources/UnitySubsystems
[Subsystems] Discovering subsystems at path H:/MappleStory/New MiniGame/Mini-Game-Project-MidTerm/Assets
GfxDevice: creating device client; threaded=0
Direct3D:
    Version:  Direct3D 11.0 [level 11.0]
    Renderer: NVIDIA GeForce GTX 950M (ID=0x139a)
    Vendor:   
    VRAM:     2010 MB
    Driver:   27.21.14.6192
Initialize mono
Mono path[0] = 'H:/Unity/Editor/Data/Managed'
Mono path[1] = 'H:/Unity/Editor/Data/MonoBleedingEdge/lib/mono/unityjit'
Mono config path = 'H:/Unity/Editor/Data/MonoBleedingEdge/etc'
Using monoOptions --debugger-agent=transport=dt_socket,embedding=1,server=y,suspend=n,address=127.0.0.1:56520
Begin MonoManager ReloadAssembly
Registering precompiled unity dll's ...
Register platform support module: H:/Unity/Editor/Data/PlaybackEngines/WindowsStandaloneSupport/UnityEditor.WindowsStandalone.Extensions.dll
Registered in 0.001332 seconds.
Native extension for WindowsStandalone target not found
Refreshing native plugins compatible for Editor in 68.33 ms, found 3 plugins.
Preloading 0 native plugins for Editor in 0.00 ms.
Mono: successfully reloaded assembly
- Completed reload, in  1.268 seconds
Domain Reload Profiling:
	ReloadAssembly (1268ms)
		BeginReloadAssembly (89ms)
			ExecutionOrderSort (0ms)
			DisableScriptedObjects (0ms)
			BackupInstance (0ms)
			ReleaseScriptingObjects (0ms)
			CreateAndSetChildDomain (1ms)
		EndReloadAssembly (597ms)
			LoadAssemblies (87ms)
			RebuildTransferFunctionScriptingTraits (0ms)
			SetupTypeCache (229ms)
			ReleaseScriptCaches (0ms)
			RebuildScriptCaches (39ms)
			SetupLoadedEditorAssemblies (243ms)
				LogAssemblyErrors (0ms)
				InitializePlatformSupportModulesInManaged (8ms)
				SetLoadedEditorAssemblies (1ms)
				RefreshPlugins (69ms)
				BeforeProcessingInitializeOnLoad (10ms)
				ProcessInitializeOnLoadAttributes (119ms)
				ProcessInitializeOnLoadMethodAttributes (37ms)
				AfterProcessingInitializeOnLoad (0ms)
				EditorAssembliesLoaded (0ms)
			ExecutionOrderSort2 (0ms)
			AwakeInstancesAfterBackupRestoration (0ms)
Platform modules already initialized, skipping
Registering precompiled user dll's ...
Registered in 0.005424 seconds.
Begin MonoManager ReloadAssembly
Native extension for WindowsStandalone target not found
Refreshing native plugins compatible for Editor in 52.49 ms, found 3 plugins.
Preloading 0 native plugins for Editor in 0.00 ms.
Mono: successfully reloaded assembly
- Completed reload, in  1.519 seconds
Domain Reload Profiling:
	ReloadAssembly (1520ms)
		BeginReloadAssembly (196ms)
			ExecutionOrderSort (0ms)
			DisableScriptedObjects (7ms)
			BackupInstance (0ms)
			ReleaseScriptingObjects (0ms)
			CreateAndSetChildDomain (26ms)
		EndReloadAssembly (1246ms)
			LoadAssemblies (119ms)
			RebuildTransferFunctionScriptingTraits (0ms)
			SetupTypeCache (411ms)
			ReleaseScriptCaches (0ms)
			RebuildScriptCaches (67ms)
			SetupLoadedEditorAssemblies (479ms)
				LogAssemblyErrors (0ms)
				InitializePlatformSupportModulesInManaged (5ms)
				SetLoadedEditorAssemblies (0ms)
				RefreshPlugins (53ms)
				BeforeProcessingInitializeOnLoad (76ms)
				ProcessInitializeOnLoadAttributes (321ms)
				ProcessInitializeOnLoadMethodAttributes (20ms)
				AfterProcessingInitializeOnLoad (3ms)
				EditorAssembliesLoaded (0ms)
			ExecutionOrderSort2 (0ms)
			AwakeInstancesAfterBackupRestoration (8ms)
Platform modules already initialized, skipping
========================================================================
Worker process is ready to serve import requests
Launched and connected shader compiler UnityShaderCompiler.exe after 0.10 seconds
Refreshing native plugins compatible for Editor in 0.54 ms, found 3 plugins.
Preloading 0 native plugins for Editor in 0.00 ms.
Unloading 2240 Unused Serialized files (Serialized files now loaded: 0)
System memory in use before: 98.0 MB.
System memory in use after: 98.0 MB.

Unloading 34 unused Assets to reduce memory usage. Loaded Objects now: 2675.
Total: 2.977000 ms (FindLiveObjects: 0.255700 ms CreateObjectMapping: 0.123400 ms MarkObjects: 2.410700 ms  DeleteObjects: 0.185800 ms)

AssetImportParameters requested are different than current active one (requested -> active):
  custom:framework-win-MediaFoundation: 216162199b28c13a410421893ffa2e32 -> 
  custom:video-decoder-ogg-theora: a1e56fd34408186e4bbccfd4996cb3dc -> 
  custom:container-muxer-webm: aa71ff27fc2769a1b78a27578f13a17b -> 
  custom:container-demuxer-webm: 4f35f7cbe854078d1ac9338744f61a02 -> 
  custom:container-demuxer-ogg: 62fdf1f143b41e24485cea50d1cbac27 -> 
  custom:video-encoder-webm-vp8: eb34c28f22e8b96e1ab97ce403110664 -> 
  custom:video-decoder-webm-vp8: 9c59270c3fd7afecdb556c50c9e8de78 -> 
  custom:audio-decoder-ogg-vorbis: bf7c407c2cedff20999df2af8eb42d56 -> 
  custom:audio-encoder-webm-vorbis: bf7c407c2cedff20999df2af8eb42d56 -> 
========================================================================
Received Import Request.
  path: Assets/Scenes/Level2.unity
  artifactKey: Guid(d2fc1ab14090e99458e3d1938403089a) Importer(815301076,1909f56bfc062723c751e8b465ee728b)
Start importing Assets/Scenes/Level2.unity using Guid(d2fc1ab14090e99458e3d1938403089a) Importer(815301076,1909f56bfc062723c751e8b465ee728b)  -> (artifact id: '18aa63c64c6449b84b75222251e16b1d') in 0.026971 seconds 
  Import took 0.063795 seconds .

========================================================================
Received Import Request.
  Time since last request: 0.070490 seconds.
  path: Assets/sprites/healthBar/Bar.png
  artifactKey: Guid(b079e77d29b354895a03d00951a9d29d) Importer(815301076,1909f56bfc062723c751e8b465ee728b)
Start importing Assets/sprites/healthBar/Bar.png using Guid(b079e77d29b354895a03d00951a9d29d) Importer(815301076,1909f56bfc062723c751e8b465ee728b)  -> (artifact id: '556180a9a7c7ceb13f22a12e6dac7efd') in 0.214525 seconds 
  Import took 0.222225 seconds .

========================================================================
Received Import Request.
  Time since last request: 0.000243 seconds.
  path: Assets/sprites/healthBar/Heart.png
  artifactKey: Guid(a4deff8d3c0634fc48293fd553d5806e) Importer(815301076,1909f56bfc062723c751e8b465ee728b)
Start importing Assets/sprites/healthBar/Heart.png using Guid(a4deff8d3c0634fc48293fd553d5806e) Importer(815301076,1909f56bfc062723c751e8b465ee728b)  -> (artifact id: 'fa160039be3cc954ace35e9f71daa351') in 0.040352 seconds 
  Import took 0.046728 seconds .

========================================================================
Received Import Request.
  Time since last request: 0.004659 seconds.
  path: Assets/sprites/healthBar/Heart.png
  artifactKey: Guid(a4deff8d3c0634fc48293fd553d5806e) Importer(815301076,1909f56bfc062723c751e8b465ee728b)
Start importing Assets/sprites/healthBar/Heart.png using Guid(a4deff8d3c0634fc48293fd553d5806e) Importer(815301076,1909f56bfc062723c751e8b465ee728b)  -> (artifact id: 'fa160039be3cc954ace35e9f71daa351') in 0.014555 seconds 
  Import took 0.021238 seconds .

========================================================================
Received Prepare
Refreshing native plugins compatible for Editor in 5.56 ms, found 3 plugins.
Preloading 0 native plugins for Editor in 0.00 ms.
Unloading 20 Unused Serialized files (Serialized files now loaded: 0)
System memory in use before: 57.2 MB.
System memory in use after: 57.1 MB.

Unloading 19 unused Assets to reduce memory usage. Loaded Objects now: 2684.
Total: 5.086700 ms (FindLiveObjects: 0.267400 ms CreateObjectMapping: 0.136800 ms MarkObjects: 4.415400 ms  DeleteObjects: 0.264700 ms)

AssetImportParameters requested are different than current active one (requested -> active):
  custom:framework-win-MediaFoundation: 216162199b28c13a410421893ffa2e32 -> 
  custom:video-decoder-ogg-theora: a1e56fd34408186e4bbccfd4996cb3dc -> 
  custom:container-muxer-webm: aa71ff27fc2769a1b78a27578f13a17b -> 
  custom:container-demuxer-webm: 4f35f7cbe854078d1ac9338744f61a02 -> 
  custom:container-demuxer-ogg: 62fdf1f143b41e24485cea50d1cbac27 -> 
  custom:video-encoder-webm-vp8: eb34c28f22e8b96e1ab97ce403110664 -> 
  custom:video-decoder-webm-vp8: 9c59270c3fd7afecdb556c50c9e8de78 -> 
  custom:audio-decoder-ogg-vorbis: bf7c407c2cedff20999df2af8eb42d56 -> 
  custom:audio-encoder-webm-vorbis: bf7c407c2cedff20999df2af8eb42d56 -> 
========================================================================
Received Prepare
Registering precompiled user dll's ...
Registered in 0.004097 seconds.
Begin MonoManager ReloadAssembly
Native extension for WindowsStandalone target not found
Refreshing native plugins compatible for Editor in 0.62 ms, found 3 plugins.
Preloading 0 native plugins for Editor in 0.00 ms.
Mono: successfully reloaded assembly
- Completed reload, in  1.641 seconds
Domain Reload Profiling:
	ReloadAssembly (1642ms)
		BeginReloadAssembly (162ms)
			ExecutionOrderSort (0ms)
			DisableScriptedObjects (10ms)
			BackupInstance (0ms)
			ReleaseScriptingObjects (0ms)
			CreateAndSetChildDomain (48ms)
		EndReloadAssembly (1385ms)
			LoadAssemblies (162ms)
			RebuildTransferFunctionScriptingTraits (0ms)
			SetupTypeCache (451ms)
			ReleaseScriptCaches (2ms)
			RebuildScriptCaches (70ms)
			SetupLoadedEditorAssemblies (519ms)
				LogAssemblyErrors (0ms)
				InitializePlatformSupportModulesInManaged (6ms)
				SetLoadedEditorAssemblies (1ms)
				RefreshPlugins (1ms)
				BeforeProcessingInitializeOnLoad (81ms)
				ProcessInitializeOnLoadAttributes (408ms)
				ProcessInitializeOnLoadMethodAttributes (19ms)
				AfterProcessingInitializeOnLoad (4ms)
				EditorAssembliesLoaded (0ms)
			ExecutionOrderSort2 (0ms)
			AwakeInstancesAfterBackupRestoration (25ms)
Platform modules already initialized, skipping
Refreshing native plugins compatible for Editor in 0.53 ms, found 3 plugins.
Preloading 0 native plugins for Editor in 0.00 ms.
Unloading 2234 Unused Serialized files (Serialized files now loaded: 0)
System memory in use before: 100.9 MB.
System memory in use after: 100.9 MB.

Unloading 22 unused Assets to reduce memory usage. Loaded Objects now: 2688.
Total: 4.607000 ms (FindLiveObjects: 0.832300 ms CreateObjectMapping: 0.254800 ms MarkObjects: 3.361800 ms  DeleteObjects: 0.156700 ms)

AssetImportParameters requested are different than current active one (requested -> active):
  custom:framework-win-MediaFoundation: 216162199b28c13a410421893ffa2e32 -> 
  custom:video-decoder-ogg-theora: a1e56fd34408186e4bbccfd4996cb3dc -> 
  custom:container-muxer-webm: aa71ff27fc2769a1b78a27578f13a17b -> 
  custom:container-demuxer-webm: 4f35f7cbe854078d1ac9338744f61a02 -> 
  custom:container-demuxer-ogg: 62fdf1f143b41e24485cea50d1cbac27 -> 
  custom:video-encoder-webm-vp8: eb34c28f22e8b96e1ab97ce403110664 -> 
  custom:video-decoder-webm-vp8: 9c59270c3fd7afecdb556c50c9e8de78 -> 
  custom:audio-decoder-ogg-vorbis: bf7c407c2cedff20999df2af8eb42d56 -> 
  custom:audio-encoder-webm-vorbis: bf7c407c2cedff20999df2af8eb42d56 -> 
========================================================================
Received Import Request.
  Time since last request: 61.944596 seconds.
  path: Assets/sprites/newMainCharacter
  artifactKey: Guid(77cb984ec14a2cd4dae4e2c59d3db58a) Importer(815301076,1909f56bfc062723c751e8b465ee728b)
Start importing Assets/sprites/newMainCharacter using Guid(77cb984ec14a2cd4dae4e2c59d3db58a) Importer(815301076,1909f56bfc062723c751e8b465ee728b)  -> (artifact id: 'dbe9292fbd87e1978ba2edf2ab4d711e') in 0.009164 seconds 
  Import took 0.013296 seconds .

========================================================================
Received Import Request.
  Time since last request: 0.032982 seconds.
  path: Assets/sprites/newMainCharacter
  artifactKey: Guid(77cb984ec14a2cd4dae4e2c59d3db58a) Importer(815301076,1909f56bfc062723c751e8b465ee728b)
Start importing Assets/sprites/newMainCharacter using Guid(77cb984ec14a2cd4dae4e2c59d3db58a) Importer(815301076,1909f56bfc062723c751e8b465ee728b)  -> (artifact id: 'dbe9292fbd87e1978ba2edf2ab4d711e') in 0.002784 seconds 
  Import took 0.009039 seconds .

========================================================================
Received Import Request.
  Time since last request: 3.641294 seconds.
  path: Assets/sprites/newMainCharacter/Anim
  artifactKey: Guid(bd5ffe774a46d9740a57032aaf5b561e) Importer(815301076,1909f56bfc062723c751e8b465ee728b)
Start importing Assets/sprites/newMainCharacter/Anim using Guid(bd5ffe774a46d9740a57032aaf5b561e) Importer(815301076,1909f56bfc062723c751e8b465ee728b)  -> (artifact id: '5a450e79dbddda7147e92ede830f7c45') in 0.011047 seconds 
  Import took 0.016165 seconds .

========================================================================
Received Import Request.
  Time since last request: 2.537734 seconds.
  path: Assets/sprites/newMainCharacter/Anim/NewMain.anim
  artifactKey: Guid(b20ab3b205f07484fbe7251b1143c246) Importer(815301076,1909f56bfc062723c751e8b465ee728b)
Start importing Assets/sprites/newMainCharacter/Anim/NewMain.anim using Guid(b20ab3b205f07484fbe7251b1143c246) Importer(815301076,1909f56bfc062723c751e8b465ee728b)  -> (artifact id: 'b3f61b9feff92d16fd1f640814e4112e') in 0.033321 seconds 
  Import took 0.053022 seconds .

========================================================================
Received Import Request.
  Time since last request: 0.049488 seconds.
  path: Assets/sprites/newMainCharacter/Anim/NewMain.anim
  artifactKey: Guid(b20ab3b205f07484fbe7251b1143c246) Importer(815301076,1909f56bfc062723c751e8b465ee728b)
Start importing Assets/sprites/newMainCharacter/Anim/NewMain.anim using Guid(b20ab3b205f07484fbe7251b1143c246) Importer(815301076,1909f56bfc062723c751e8b465ee728b)  -> (artifact id: 'b3f61b9feff92d16fd1f640814e4112e') in 0.015019 seconds 
  Import took 0.020692 seconds .

========================================================================
Received Import Request.
  Time since last request: 0.399715 seconds.
  path: Assets/sprites/newMainCharacter/Anim/NewMainMoving.anim
  artifactKey: Guid(60840392019d1d84db2f66826bcbe7ef) Importer(815301076,1909f56bfc062723c751e8b465ee728b)
Start importing Assets/sprites/newMainCharacter/Anim/NewMainMoving.anim using Guid(60840392019d1d84db2f66826bcbe7ef) Importer(815301076,1909f56bfc062723c751e8b465ee728b)  -> (artifact id: '140a9b368efcd8dc1e9dd51ba7e9482d') in 0.009760 seconds 
  Import took 0.027636 seconds .

========================================================================
Received Import Request.
  Time since last request: 12.740395 seconds.
  path: Assets/sprites/newMainCharacter/Resourse/newMain.png
  artifactKey: Guid(944b849b8670f654b89e4eac7a64d343) Importer(815301076,1909f56bfc062723c751e8b465ee728b)
Start importing Assets/sprites/newMainCharacter/Resourse/newMain.png using Guid(944b849b8670f654b89e4eac7a64d343) Importer(815301076,1909f56bfc062723c751e8b465ee728b)  -> (artifact id: 'cbdc8475935a1c16aa2ccef47df1f284') in 0.144117 seconds 
  Import took 0.192058 seconds .

========================================================================
Received Import Request.
  Time since last request: 44.200553 seconds.
  path: Assets/Scenes/Level1.unity
  artifactKey: Guid(2cda990e2423bbf4892e6590ba056729) Importer(815301076,1909f56bfc062723c751e8b465ee728b)
Start importing Assets/Scenes/Level1.unity using Guid(2cda990e2423bbf4892e6590ba056729) Importer(815301076,1909f56bfc062723c751e8b465ee728b)  -> (artifact id: 'c142f15933b0e4976ccfd9ba1bbe25ed') in 0.012168 seconds 
  Import took 0.017360 seconds .

========================================================================
Received Import Request.
  Time since last request: 161.016978 seconds.
  path: Assets/Scenes/Level3.unity
  artifactKey: Guid(28cdc8ef9e022ab4d8c161b56550d418) Importer(815301076,1909f56bfc062723c751e8b465ee728b)
Start importing Assets/Scenes/Level3.unity using Guid(28cdc8ef9e022ab4d8c161b56550d418) Importer(815301076,1909f56bfc062723c751e8b465ee728b)  -> (artifact id: 'c824bf631bd8b32593f45844cfca1b59') in 0.010034 seconds 
  Import took 0.015867 seconds .

========================================================================
Received Import Request.
  Time since last request: 9.922734 seconds.
  path: Assets/Scenes/Level2.unity
  artifactKey: Guid(d2fc1ab14090e99458e3d1938403089a) Importer(815301076,1909f56bfc062723c751e8b465ee728b)
Start importing Assets/Scenes/Level2.unity using Guid(d2fc1ab14090e99458e3d1938403089a) Importer(815301076,1909f56bfc062723c751e8b465ee728b)  -> (artifact id: '9befa017527826c96dc09d2084ffbfe5') in 0.004074 seconds 
  Import took 0.042959 seconds .

========================================================================
Received Import Request.
  Time since last request: 1.171745 seconds.
  path: Assets/Scenes/menu.unity
  artifactKey: Guid(1e097a9ce7b07344884a6861afd6b703) Importer(815301076,1909f56bfc062723c751e8b465ee728b)
Start importing Assets/Scenes/menu.unity using Guid(1e097a9ce7b07344884a6861afd6b703) Importer(815301076,1909f56bfc062723c751e8b465ee728b)  -> (artifact id: '572a02852f1457787f12a8772f143c7f') in 0.009396 seconds 
  Import took 0.014881 seconds .

========================================================================
Received Prepare
Registering precompiled user dll's ...
Registered in 0.005068 seconds.
Begin MonoManager ReloadAssembly
Native extension for WindowsStandalone target not found
Refreshing native plugins compatible for Editor in 0.52 ms, found 3 plugins.
Preloading 0 native plugins for Editor in 0.00 ms.
Mono: successfully reloaded assembly
- Completed reload, in  1.438 seconds
Domain Reload Profiling:
	ReloadAssembly (1439ms)
		BeginReloadAssembly (168ms)
			ExecutionOrderSort (0ms)
			DisableScriptedObjects (8ms)
			BackupInstance (0ms)
			ReleaseScriptingObjects (0ms)
			CreateAndSetChildDomain (53ms)
		EndReloadAssembly (1182ms)
			LoadAssemblies (145ms)
			RebuildTransferFunctionScriptingTraits (0ms)
			SetupTypeCache (425ms)
			ReleaseScriptCaches (2ms)
			RebuildScriptCaches (78ms)
			SetupLoadedEditorAssemblies (400ms)
				LogAssemblyErrors (0ms)
				InitializePlatformSupportModulesInManaged (7ms)
				SetLoadedEditorAssemblies (1ms)
				RefreshPlugins (1ms)
				BeforeProcessingInitializeOnLoad (80ms)
				ProcessInitializeOnLoadAttributes (300ms)
				ProcessInitializeOnLoadMethodAttributes (7ms)
				AfterProcessingInitializeOnLoad (3ms)
				EditorAssembliesLoaded (0ms)
			ExecutionOrderSort2 (0ms)
			AwakeInstancesAfterBackupRestoration (12ms)
Platform modules already initialized, skipping
Refreshing native plugins compatible for Editor in 0.57 ms, found 3 plugins.
Preloading 0 native plugins for Editor in 0.00 ms.
Unloading 2234 Unused Serialized files (Serialized files now loaded: 0)
System memory in use before: 101.3 MB.
System memory in use after: 101.3 MB.

Unloading 22 unused Assets to reduce memory usage. Loaded Objects now: 2724.
Total: 2.913800 ms (FindLiveObjects: 0.253900 ms CreateObjectMapping: 0.103700 ms MarkObjects: 2.437600 ms  DeleteObjects: 0.117300 ms)

AssetImportParameters requested are different than current active one (requested -> active):
  custom:framework-win-MediaFoundation: 216162199b28c13a410421893ffa2e32 -> 
  custom:video-decoder-ogg-theora: a1e56fd34408186e4bbccfd4996cb3dc -> 
  custom:container-muxer-webm: aa71ff27fc2769a1b78a27578f13a17b -> 
  custom:container-demuxer-webm: 4f35f7cbe854078d1ac9338744f61a02 -> 
  custom:container-demuxer-ogg: 62fdf1f143b41e24485cea50d1cbac27 -> 
  custom:video-encoder-webm-vp8: eb34c28f22e8b96e1ab97ce403110664 -> 
  custom:video-decoder-webm-vp8: 9c59270c3fd7afecdb556c50c9e8de78 -> 
  custom:audio-decoder-ogg-vorbis: bf7c407c2cedff20999df2af8eb42d56 -> 
  custom:audio-encoder-webm-vorbis: bf7c407c2cedff20999df2af8eb42d56 -> 
========================================================================
Received Import Request.
  Time since last request: 318.996208 seconds.
  path: Assets/sprites/newMainCharacter/Anim/newMain_1.controller
  artifactKey: Guid(c16addb771b8f0245bf55e22f3ce5c5a) Importer(815301076,1909f56bfc062723c751e8b465ee728b)
Start importing Assets/sprites/newMainCharacter/Anim/newMain_1.controller using Guid(c16addb771b8f0245bf55e22f3ce5c5a) Importer(815301076,1909f56bfc062723c751e8b465ee728b)  -> (artifact id: '62e7cce9acdabebd6afe60b4341c96c1') in 0.030950 seconds 
  Import took 0.035722 seconds .

========================================================================
Received Import Request.
  Time since last request: 23.554137 seconds.
  path: Assets/screens/background1/PC Computer - MapleStory - Blue Cave Tiles.png
  artifactKey: Guid(e817eab6a41b6eb488e4c08a319df8d2) Importer(815301076,1909f56bfc062723c751e8b465ee728b)
Start importing Assets/screens/background1/PC Computer - MapleStory - Blue Cave Tiles.png using Guid(e817eab6a41b6eb488e4c08a319df8d2) Importer(815301076,1909f56bfc062723c751e8b465ee728b)  -> (artifact id: '2756ec198966bce7885001e18e295ad5') in 0.182685 seconds 
  Import took 0.204415 seconds .

========================================================================
Received Import Request.
  Time since last request: 0.000351 seconds.
  path: Assets/screens/background1/PC Computer - MapleStory - Halloween Background.png
  artifactKey: Guid(a97b02dbc4deb2b479263db1ff8a2125) Importer(815301076,1909f56bfc062723c751e8b465ee728b)
Start importing Assets/screens/background1/PC Computer - MapleStory - Halloween Background.png using Guid(a97b02dbc4deb2b479263db1ff8a2125) Importer(815301076,1909f56bfc062723c751e8b465ee728b)  -> (artifact id: '85fa7bc323941c26faaa4a7371d00bdf') in 0.515372 seconds 
  Import took 0.551331 seconds .

========================================================================
Received Import Request.
  Time since last request: 627.681816 seconds.
  path: Assets/Scenes/Level2.unity
  artifactKey: Guid(d2fc1ab14090e99458e3d1938403089a) Importer(815301076,1909f56bfc062723c751e8b465ee728b)
Start importing Assets/Scenes/Level2.unity using Guid(d2fc1ab14090e99458e3d1938403089a) Importer(815301076,1909f56bfc062723c751e8b465ee728b)  -> (artifact id: '28d43ccd1b55e66f49a99d9dc8bae227') in 0.003773 seconds 
  Import took 0.017074 seconds .

========================================================================
Received Import Request.
  Time since last request: 68.118500 seconds.
  path: Assets/sprites/newMainCharacter/Resourse
  artifactKey: Guid(a75f16f0e463f174a9c530fbed063818) Importer(815301076,1909f56bfc062723c751e8b465ee728b)
Start importing Assets/sprites/newMainCharacter/Resourse using Guid(a75f16f0e463f174a9c530fbed063818) Importer(815301076,1909f56bfc062723c751e8b465ee728b)  -> (artifact id: '36daa84d7db1debe689acd1935f809d0') in 0.009657 seconds 
  Import took 0.047302 seconds .

========================================================================
Received Prepare
Registering precompiled user dll's ...
Registered in 0.003630 seconds.
Begin MonoManager ReloadAssembly
Native extension for WindowsStandalone target not found
Refreshing native plugins compatible for Editor in 0.71 ms, found 3 plugins.
Preloading 0 native plugins for Editor in 0.00 ms.
Mono: successfully reloaded assembly
- Completed reload, in  1.887 seconds
Domain Reload Profiling:
	ReloadAssembly (1888ms)
		BeginReloadAssembly (193ms)
			ExecutionOrderSort (0ms)
			DisableScriptedObjects (14ms)
			BackupInstance (0ms)
			ReleaseScriptingObjects (0ms)
			CreateAndSetChildDomain (61ms)
		EndReloadAssembly (1611ms)
			LoadAssemblies (144ms)
			RebuildTransferFunctionScriptingTraits (0ms)
			SetupTypeCache (509ms)
			ReleaseScriptCaches (2ms)
			RebuildScriptCaches (95ms)
			SetupLoadedEditorAssemblies (629ms)
				LogAssemblyErrors (0ms)
				InitializePlatformSupportModulesInManaged (9ms)
				SetLoadedEditorAssemblies (1ms)
				RefreshPlugins (1ms)
				BeforeProcessingInitializeOnLoad (109ms)
				ProcessInitializeOnLoadAttributes (485ms)
				ProcessInitializeOnLoadMethodAttributes (13ms)
				AfterProcessingInitializeOnLoad (10ms)
				EditorAssembliesLoaded (1ms)
			ExecutionOrderSort2 (0ms)
			AwakeInstancesAfterBackupRestoration (25ms)
Platform modules already initialized, skipping
Refreshing native plugins compatible for Editor in 0.83 ms, found 3 plugins.
Preloading 0 native plugins for Editor in 0.00 ms.
Unloading 2234 Unused Serialized files (Serialized files now loaded: 0)
System memory in use before: 101.5 MB.
System memory in use after: 101.6 MB.

Unloading 22 unused Assets to reduce memory usage. Loaded Objects now: 2825.
Total: 4.820600 ms (FindLiveObjects: 0.310300 ms CreateObjectMapping: 0.422800 ms MarkObjects: 3.873900 ms  DeleteObjects: 0.212000 ms)

AssetImportParameters requested are different than current active one (requested -> active):
  custom:framework-win-MediaFoundation: 216162199b28c13a410421893ffa2e32 -> 
  custom:video-decoder-ogg-theora: a1e56fd34408186e4bbccfd4996cb3dc -> 
  custom:container-muxer-webm: aa71ff27fc2769a1b78a27578f13a17b -> 
  custom:container-demuxer-webm: 4f35f7cbe854078d1ac9338744f61a02 -> 
  custom:container-demuxer-ogg: 62fdf1f143b41e24485cea50d1cbac27 -> 
  custom:video-encoder-webm-vp8: eb34c28f22e8b96e1ab97ce403110664 -> 
  custom:video-decoder-webm-vp8: 9c59270c3fd7afecdb556c50c9e8de78 -> 
  custom:audio-decoder-ogg-vorbis: bf7c407c2cedff20999df2af8eb42d56 -> 
  custom:audio-encoder-webm-vorbis: bf7c407c2cedff20999df2af8eb42d56 -> 
========================================================================
Received Import Request.
  Time since last request: 62.136733 seconds.
  path: Assets/sprites/newMainCharacter/Anim/PC Computer - MapleStory - Ulu City Background_24.controller
  artifactKey: Guid(7cc042357a02eab40a198a703570f633) Importer(815301076,1909f56bfc062723c751e8b465ee728b)
Start importing Assets/sprites/newMainCharacter/Anim/PC Computer - MapleStory - Ulu City Background_24.controller using Guid(7cc042357a02eab40a198a703570f633) Importer(815301076,1909f56bfc062723c751e8b465ee728b)  -> (artifact id: 'f51e10e18fb7ffaefca0a5e3d1a9638c') in 0.028961 seconds 
  Import took 0.033848 seconds .

AssetImportWorkerClient::OnTransportError - code=2 error=End of file
